<?xml version="1.0" encoding="UTF-8"?>
<testsuite xmlns:xsi="http://www.w3.org/2001/XMLSchema-instance" xsi:noNamespaceSchemaLocation="https://maven.apache.org/surefire/maven-surefire-plugin/xsd/surefire-test-report.xsd" version="3.0.2" name="com.util.crypto.extension.test.CryptoUtilExtensionDevModeTest" time="5.031" tests="1" errors="0" skipped="0" failures="0">
  <properties>
[...]
</properties>
  <testcase name="writeYourOwnDevModeTest" classname="com.util.crypto.extension.test.CryptoUtilExtensionDevModeTest" time="4.986">
    <system-out><![CDATA[2025-03-05 14:56:41,672 INFO  [org.jbo.threads] (main) JBoss Threads version 3.8.0.Final
&amp#27;[94mTests paused&amp#27;[39m
__  ____  __  _____   ___  __ ____  ______ 
 --/ __ \/ / / / _ | / _ \/ //_/ / / / __/ 
 -/ /_/ / /_/ / __ |/ , _/ ,< / /_/ /\ \   
--\___\_\____/_/ |_/_/|_/_/|_|\____/___/   
2025-03-05 14:56:43,287 INFO  [io.quarkus] (Quarkus Main Thread) crypto-util-extension-deployment 1.0.0 on JVM (powered by Quarkus 3.19.1) started in 2.426s. 
2025-03-05 14:56:43,289 INFO  [io.quarkus] (Quarkus Main Thread) Profile dev activated. Live Coding activated.
2025-03-05 14:56:43,289 INFO  [io.quarkus] (Quarkus Main Thread) Installed features: [cdi, crypto-util-extension]
2025-03-05 14:56:43,332 INFO  [io.quarkus] (Quarkus Main Thread) crypto-util-extension-deployment stopped in 0.013s
]]></system-out>
  </testcase>
</testsuite>